E:\CODE\GITHUB\CEF\CEF_BINARY_3.1750.1738_WINDOWS32\OUT\RELEASE\LIB\LIBCEF_DLL_WRAPPER.LIB
E:\code\github\cef\cef_binary_3.1750.1738_windows32\out\Release\obj\libcef_dll_wrapper\allow_certificate_error_callback_ctocpp.obj
E:\code\github\cef\cef_binary_3.1750.1738_windows32\out\Release\obj\libcef_dll_wrapper\app_cpptoc.obj
E:\code\github\cef\cef_binary_3.1750.1738_windows32\out\Release\obj\libcef_dll_wrapper\auth_callback_ctocpp.obj
E:\code\github\cef\cef_binary_3.1750.1738_windows32\out\Release\obj\libcef_dll_wrapper\before_download_callback_ctocpp.obj
E:\code\github\cef\cef_binary_3.1750.1738_windows32\out\Release\obj\libcef_dll_wrapper\binary_value_ctocpp.obj
E:\code\github\cef\cef_binary_3.1750.1738_windows32\out\Release\obj\libcef_dll_wrapper\browser_ctocpp.obj
E:\code\github\cef\cef_binary_3.1750.1738_windows32\out\Release\obj\libcef_dll_wrapper\browser_host_ctocpp.obj
E:\code\github\cef\cef_binary_3.1750.1738_windows32\out\Release\obj\libcef_dll_wrapper\browser_process_handler_cpptoc.obj
E:\code\github\cef\cef_binary_3.1750.1738_windows32\out\Release\obj\libcef_dll_wrapper\callback_ctocpp.obj
E:\code\github\cef\cef_binary_3.1750.1738_windows32\out\Release\obj\libcef_dll_wrapper\cef_byte_read_handler.obj
E:\code\github\cef\cef_binary_3.1750.1738_windows32\out\Release\obj\libcef_dll_wrapper\cef_message_router.obj
E:\code\github\cef\cef_binary_3.1750.1738_windows32\out\Release\obj\libcef_dll_wrapper\cef_stream_resource_handler.obj
E:\code\github\cef\cef_binary_3.1750.1738_windows32\out\Release\obj\libcef_dll_wrapper\cef_xml_object.obj
E:\code\github\cef\cef_binary_3.1750.1738_windows32\out\Release\obj\libcef_dll_wrapper\cef_zip_archive.obj
E:\code\github\cef\cef_binary_3.1750.1738_windows32\out\Release\obj\libcef_dll_wrapper\CL.5744.read.1.tlog
E:\code\github\cef\cef_binary_3.1750.1738_windows32\out\Release\obj\libcef_dll_wrapper\CL.5744.write.1.tlog
E:\code\github\cef\cef_binary_3.1750.1738_windows32\out\Release\obj\libcef_dll_wrapper\CL.7776.read.1.tlog
E:\code\github\cef\cef_binary_3.1750.1738_windows32\out\Release\obj\libcef_dll_wrapper\CL.7776.write.1.tlog
E:\code\github\cef\cef_binary_3.1750.1738_windows32\out\Release\obj\libcef_dll_wrapper\CL.8020.read.1.tlog
E:\code\github\cef\cef_binary_3.1750.1738_windows32\out\Release\obj\libcef_dll_wrapper\CL.8020.write.1.tlog
E:\code\github\cef\cef_binary_3.1750.1738_windows32\out\Release\obj\libcef_dll_wrapper\CL.8048.read.1.tlog
E:\code\github\cef\cef_binary_3.1750.1738_windows32\out\Release\obj\libcef_dll_wrapper\CL.8048.write.1.tlog
E:\code\github\cef\cef_binary_3.1750.1738_windows32\out\Release\obj\libcef_dll_wrapper\cl.command.1.tlog
E:\code\github\cef\cef_binary_3.1750.1738_windows32\out\Release\obj\libcef_dll_wrapper\CL.read.1.tlog
E:\code\github\cef\cef_binary_3.1750.1738_windows32\out\Release\obj\libcef_dll_wrapper\cl.write.1.tlog
E:\code\github\cef\cef_binary_3.1750.1738_windows32\out\Release\obj\libcef_dll_wrapper\client_cpptoc.obj
E:\code\github\cef\cef_binary_3.1750.1738_windows32\out\Release\obj\libcef_dll_wrapper\command_line_ctocpp.obj
E:\code\github\cef\cef_binary_3.1750.1738_windows32\out\Release\obj\libcef_dll_wrapper\completion_handler_cpptoc.obj
E:\code\github\cef\cef_binary_3.1750.1738_windows32\out\Release\obj\libcef_dll_wrapper\context_menu_handler_cpptoc.obj
E:\code\github\cef\cef_binary_3.1750.1738_windows32\out\Release\obj\libcef_dll_wrapper\context_menu_params_ctocpp.obj
E:\code\github\cef\cef_binary_3.1750.1738_windows32\out\Release\obj\libcef_dll_wrapper\cookie_manager_ctocpp.obj
E:\code\github\cef\cef_binary_3.1750.1738_windows32\out\Release\obj\libcef_dll_wrapper\cookie_visitor_cpptoc.obj
E:\code\github\cef\cef_binary_3.1750.1738_windows32\out\Release\obj\libcef_dll_wrapper\dialog_handler_cpptoc.obj
E:\code\github\cef\cef_binary_3.1750.1738_windows32\out\Release\obj\libcef_dll_wrapper\dictionary_value_ctocpp.obj
E:\code\github\cef\cef_binary_3.1750.1738_windows32\out\Release\obj\libcef_dll_wrapper\display_handler_cpptoc.obj
E:\code\github\cef\cef_binary_3.1750.1738_windows32\out\Release\obj\libcef_dll_wrapper\domdocument_ctocpp.obj
E:\code\github\cef\cef_binary_3.1750.1738_windows32\out\Release\obj\libcef_dll_wrapper\domevent_ctocpp.obj
E:\code\github\cef\cef_binary_3.1750.1738_windows32\out\Release\obj\libcef_dll_wrapper\domevent_listener_cpptoc.obj
E:\code\github\cef\cef_binary_3.1750.1738_windows32\out\Release\obj\libcef_dll_wrapper\domnode_ctocpp.obj
E:\code\github\cef\cef_binary_3.1750.1738_windows32\out\Release\obj\libcef_dll_wrapper\domvisitor_cpptoc.obj
E:\code\github\cef\cef_binary_3.1750.1738_windows32\out\Release\obj\libcef_dll_wrapper\download_handler_cpptoc.obj
E:\code\github\cef\cef_binary_3.1750.1738_windows32\out\Release\obj\libcef_dll_wrapper\download_item_callback_ctocpp.obj
E:\code\github\cef\cef_binary_3.1750.1738_windows32\out\Release\obj\libcef_dll_wrapper\download_item_ctocpp.obj
E:\code\github\cef\cef_binary_3.1750.1738_windows32\out\Release\obj\libcef_dll_wrapper\drag_data_ctocpp.obj
E:\code\github\cef\cef_binary_3.1750.1738_windows32\out\Release\obj\libcef_dll_wrapper\drag_handler_cpptoc.obj
E:\code\github\cef\cef_binary_3.1750.1738_windows32\out\Release\obj\libcef_dll_wrapper\end_tracing_callback_cpptoc.obj
E:\code\github\cef\cef_binary_3.1750.1738_windows32\out\Release\obj\libcef_dll_wrapper\file_dialog_callback_ctocpp.obj
E:\code\github\cef\cef_binary_3.1750.1738_windows32\out\Release\obj\libcef_dll_wrapper\focus_handler_cpptoc.obj
E:\code\github\cef\cef_binary_3.1750.1738_windows32\out\Release\obj\libcef_dll_wrapper\frame_ctocpp.obj
E:\code\github\cef\cef_binary_3.1750.1738_windows32\out\Release\obj\libcef_dll_wrapper\geolocation_callback_ctocpp.obj
E:\code\github\cef\cef_binary_3.1750.1738_windows32\out\Release\obj\libcef_dll_wrapper\geolocation_handler_cpptoc.obj
E:\code\github\cef\cef_binary_3.1750.1738_windows32\out\Release\obj\libcef_dll_wrapper\get_geolocation_callback_cpptoc.obj
E:\code\github\cef\cef_binary_3.1750.1738_windows32\out\Release\obj\libcef_dll_wrapper\jsdialog_callback_ctocpp.obj
E:\code\github\cef\cef_binary_3.1750.1738_windows32\out\Release\obj\libcef_dll_wrapper\jsdialog_handler_cpptoc.obj
E:\code\github\cef\cef_binary_3.1750.1738_windows32\out\Release\obj\libcef_dll_wrapper\keyboard_handler_cpptoc.obj
E:\code\github\cef\cef_binary_3.1750.1738_windows32\out\Release\obj\libcef_dll_wrapper\lib.command.1.tlog
E:\code\github\cef\cef_binary_3.1750.1738_windows32\out\Release\obj\libcef_dll_wrapper\libcef_dll_wrapper.obj
E:\code\github\cef\cef_binary_3.1750.1738_windows32\out\Release\obj\libcef_dll_wrapper\libcef_dll_wrapper.write.1.tlog
E:\code\github\cef\cef_binary_3.1750.1738_windows32\out\Release\obj\libcef_dll_wrapper\libcef_dll_wrapper2.obj
E:\code\github\cef\cef_binary_3.1750.1738_windows32\out\Release\obj\libcef_dll_wrapper\Lib-link.read.1.tlog
E:\code\github\cef\cef_binary_3.1750.1738_windows32\out\Release\obj\libcef_dll_wrapper\Lib-link.write.1.tlog
E:\code\github\cef\cef_binary_3.1750.1738_windows32\out\Release\obj\libcef_dll_wrapper\life_span_handler_cpptoc.obj
E:\code\github\cef\cef_binary_3.1750.1738_windows32\out\Release\obj\libcef_dll_wrapper\list_value_ctocpp.obj
E:\code\github\cef\cef_binary_3.1750.1738_windows32\out\Release\obj\libcef_dll_wrapper\load_handler_cpptoc.obj
E:\code\github\cef\cef_binary_3.1750.1738_windows32\out\Release\obj\libcef_dll_wrapper\menu_model_ctocpp.obj
E:\code\github\cef\cef_binary_3.1750.1738_windows32\out\Release\obj\libcef_dll_wrapper\post_data_ctocpp.obj
E:\code\github\cef\cef_binary_3.1750.1738_windows32\out\Release\obj\libcef_dll_wrapper\post_data_element_ctocpp.obj
E:\code\github\cef\cef_binary_3.1750.1738_windows32\out\Release\obj\libcef_dll_wrapper\process_message_ctocpp.obj
E:\code\github\cef\cef_binary_3.1750.1738_windows32\out\Release\obj\libcef_dll_wrapper\quota_callback_ctocpp.obj
E:\code\github\cef\cef_binary_3.1750.1738_windows32\out\Release\obj\libcef_dll_wrapper\read_handler_cpptoc.obj
E:\code\github\cef\cef_binary_3.1750.1738_windows32\out\Release\obj\libcef_dll_wrapper\render_handler_cpptoc.obj
E:\code\github\cef\cef_binary_3.1750.1738_windows32\out\Release\obj\libcef_dll_wrapper\render_process_handler_cpptoc.obj
E:\code\github\cef\cef_binary_3.1750.1738_windows32\out\Release\obj\libcef_dll_wrapper\request_context_ctocpp.obj
E:\code\github\cef\cef_binary_3.1750.1738_windows32\out\Release\obj\libcef_dll_wrapper\request_context_handler_cpptoc.obj
E:\code\github\cef\cef_binary_3.1750.1738_windows32\out\Release\obj\libcef_dll_wrapper\request_ctocpp.obj
E:\code\github\cef\cef_binary_3.1750.1738_windows32\out\Release\obj\libcef_dll_wrapper\request_handler_cpptoc.obj
E:\code\github\cef\cef_binary_3.1750.1738_windows32\out\Release\obj\libcef_dll_wrapper\resource_bundle_handler_cpptoc.obj
E:\code\github\cef\cef_binary_3.1750.1738_windows32\out\Release\obj\libcef_dll_wrapper\resource_handler_cpptoc.obj
E:\code\github\cef\cef_binary_3.1750.1738_windows32\out\Release\obj\libcef_dll_wrapper\response_ctocpp.obj
E:\code\github\cef\cef_binary_3.1750.1738_windows32\out\Release\obj\libcef_dll_wrapper\run_file_dialog_callback_cpptoc.obj
E:\code\github\cef\cef_binary_3.1750.1738_windows32\out\Release\obj\libcef_dll_wrapper\scheme_handler_factory_cpptoc.obj
E:\code\github\cef\cef_binary_3.1750.1738_windows32\out\Release\obj\libcef_dll_wrapper\scheme_registrar_ctocpp.obj
E:\code\github\cef\cef_binary_3.1750.1738_windows32\out\Release\obj\libcef_dll_wrapper\stream_reader_ctocpp.obj
E:\code\github\cef\cef_binary_3.1750.1738_windows32\out\Release\obj\libcef_dll_wrapper\stream_writer_ctocpp.obj
E:\code\github\cef\cef_binary_3.1750.1738_windows32\out\Release\obj\libcef_dll_wrapper\string_visitor_cpptoc.obj
E:\code\github\cef\cef_binary_3.1750.1738_windows32\out\Release\obj\libcef_dll_wrapper\task_cpptoc.obj
E:\code\github\cef\cef_binary_3.1750.1738_windows32\out\Release\obj\libcef_dll_wrapper\task_runner_ctocpp.obj
E:\code\github\cef\cef_binary_3.1750.1738_windows32\out\Release\obj\libcef_dll_wrapper\transfer_util.obj
E:\code\github\cef\cef_binary_3.1750.1738_windows32\out\Release\obj\libcef_dll_wrapper\urlrequest_client_cpptoc.obj
E:\code\github\cef\cef_binary_3.1750.1738_windows32\out\Release\obj\libcef_dll_wrapper\urlrequest_ctocpp.obj
E:\code\github\cef\cef_binary_3.1750.1738_windows32\out\Release\obj\libcef_dll_wrapper\v8accessor_cpptoc.obj
E:\code\github\cef\cef_binary_3.1750.1738_windows32\out\Release\obj\libcef_dll_wrapper\v8context_ctocpp.obj
E:\code\github\cef\cef_binary_3.1750.1738_windows32\out\Release\obj\libcef_dll_wrapper\v8exception_ctocpp.obj
E:\code\github\cef\cef_binary_3.1750.1738_windows32\out\Release\obj\libcef_dll_wrapper\v8handler_cpptoc.obj
E:\code\github\cef\cef_binary_3.1750.1738_windows32\out\Release\obj\libcef_dll_wrapper\v8stack_frame_ctocpp.obj
E:\code\github\cef\cef_binary_3.1750.1738_windows32\out\Release\obj\libcef_dll_wrapper\v8stack_trace_ctocpp.obj
E:\code\github\cef\cef_binary_3.1750.1738_windows32\out\Release\obj\libcef_dll_wrapper\v8value_ctocpp.obj
E:\CODE\GITHUB\CEF\CEF_BINARY_3.1750.1738_WINDOWS32\OUT\RELEASE\OBJ\LIBCEF_DLL_WRAPPER\VC100.PDB
E:\code\github\cef\cef_binary_3.1750.1738_windows32\out\Release\obj\libcef_dll_wrapper\web_plugin_info_ctocpp.obj
E:\code\github\cef\cef_binary_3.1750.1738_windows32\out\Release\obj\libcef_dll_wrapper\web_plugin_info_visitor_cpptoc.obj
E:\code\github\cef\cef_binary_3.1750.1738_windows32\out\Release\obj\libcef_dll_wrapper\web_plugin_unstable_callback_cpptoc.obj
E:\code\github\cef\cef_binary_3.1750.1738_windows32\out\Release\obj\libcef_dll_wrapper\write_handler_cpptoc.obj
E:\code\github\cef\cef_binary_3.1750.1738_windows32\out\Release\obj\libcef_dll_wrapper\xml_reader_ctocpp.obj
E:\code\github\cef\cef_binary_3.1750.1738_windows32\out\Release\obj\libcef_dll_wrapper\zip_reader_ctocpp.obj
out\Release\lib\libcef_dll_wrapper.lib
